build/app/outputs/mapping/release/seeds.txt
com.company_name.implulsnew.MainActivity: MainActivity()
com.company_name.implulsnew.MainActivity
...
androidx.appcompat.widget.AppCompatImageButton: android.graphics.PorterDuff$Mode getSupportBackgroundTintMode()
androidx.appcompat.R$style: int Base_TextAppearance_AppCompat_Caption
androidx.appcompat.R$style: int ThemeOverlay_AppCompat
com.google.firebase.firestore.core.LimboDocumentChange$Type: com.google.firebase.firestore.core.LimboDocumentChange$Type valueOf(java.lang.String)
androidx.appcompat.R$styleable: int SwitchCompat_android_textOff
androidx.appcompat.R$styleable: int AppCompatTheme_actionModeFindDrawable
com.google.firestore.v1.Target$TargetTypeCase: com.google.firestore.v1.Target$TargetTypeCase valueOf(java.lang.String)
androidx.appcompat.widget.AppCompatImageButton: void setSupportImageTintMode(android.graphics.PorterDuff$Mode)
androidx.appcompat.R$styleable: int[] FontFamily
androidx.appcompat.R$id: int action_mode_close_button
androidx.appcompat.R$string: int abc_font_family_display_2_material
androidx.appcompat.R$drawable: int notification_bg_low
androidx.appcompat.R$dimen: int disabled_alpha_material_dark
io.flutter.embedding.engine.systemchannels.PlatformChannel$DeviceOrientation: io.flutter.embedding.engine.systemchannels.PlatformChannel$DeviceOrientation[] values()
io.flutter.embedding.engine.FlutterJNI: void nativeRecordStartTimestamp(long)
androidx.appcompat.R$style: int ThemeOverlay_AppCompat_Dialog_Alert
com.google.firebase.auth.internal.zzf: android.os.Parcelable$Creator CREATOR
androidx.appcompat.R$style: int Widget_AppCompat_Toolbar
androidx.core.R$styleable: int[] GradientColorItem
androidx.appcompat.R$attr: int searchViewStyle
androidx.appcompat.R$styleable: int AppCompatTheme_actionModeCloseButtonStyle
io.flutter.plugin.platform.SingleViewPresentation: android.widget.FrameLayout container
androidx.appcompat.R$attr: int tickMarkTint
androidx.appcompat.R$attr: int track
androidx.appcompat.R$styleable: int MenuItem_android_titleCondensed
androidx.appcompat.R$color: int abc_tint_edittext
io.flutter.embedding.engine.FlutterJNI: void dispatchPlatformMessage(java.lang.String,java.nio.ByteBuffer,int,int)
androidx.appcompat.R$styleable: int Toolbar_maxButtonHeight
androidx.appcompat.R$color: int button_material_dark
androidx.appcompat.R$color: int material_grey_900
androidx.appcompat.R$style: int Base_TextAppearance_Widget_AppCompat_ExpandedMenu_Item
androidx.appcompat.R$styleable: int MenuItem_android_onClick
androidx.appcompat.R$dimen: int abc_edit_text_inset_bottom_material
androidx.core.R$id: int accessibility_custom_action_13
androidx.appcompat.R$drawable: int abc_text_select_handle_right_mtrl_light
androidx.core.R$styleable: int[] FontFamily
androidx.appcompat.R$attr: int progressBarPadding
androidx.appcompat.R$layout: int abc_select_dialog_material
com.google.android.gms.base.R$drawable: int common_google_signin_btn_icon_dark_normal_background
androidx.core.R$attr: int alpha
androidx.appcompat.R$color: int abc_background_cache_hint_selector_material_light
io.flutter.embedding.engine.FlutterJNI: void dispatchEmptyPlatformMessage(java.lang.String,int)
io.flutter.embedding.engine.FlutterJNI: android.graphics.Bitmap nativeGetBitmap(long)
androidx.appcompat.widget.FitWindowsLinearLayout: FitWindowsLinearLayout(android.content.Context)
io.flutter.embedding.engine.FlutterJNI: void dispatchSemanticsAction(int,io.flutter.view.AccessibilityBridge$Action)
androidx.appcompat.widget.ActionBarOverlayLayout: void setIcon(android.graphics.drawable.Drawable)
androidx.appcompat.R$styleable: int CoordinatorLayout_Layout_layout_keyline
androidx.appcompat.R$id: int action_text
androidx.appcompat.R$dimen: int abc_cascading_menus_min_smallest_width
androidx.appcompat.R$attr: int popupTheme
androidx.appcompat.widget.Toolbar: void setNavigationContentDescription(java.lang.CharSequence)
androidx.lifecycle.ReportFragment$LifecycleCallbacks: void onActivityPostStarted(android.app.Activity)