build/app/outputs/mapping/release/mapping.txt
# compiler: R8
# compiler_version: 1.6.82
# min_api: 21
# pg_map_id: e3c4028
# common_typos_disable
...
io.grpc.LoadBalancer$1 -> c.b.n0$a:
io.grpc.LoadBalancer$Factory -> c.b.n0$b:
    io.grpc.LoadBalancer newLoadBalancer(io.grpc.LoadBalancer$Helper) -> a
io.grpc.LoadBalancer$Helper -> c.b.n0$c:
    io.grpc.LoadBalancer$Subchannel createSubchannel(io.grpc.EquivalentAddressGroup,io.grpc.Attributes) -> a
    io.grpc.LoadBalancer$Subchannel createSubchannel(java.util.List,io.grpc.Attributes) -> a
    io.grpc.ChannelLogger getChannelLogger() -> a
    void updateBalancingState(io.grpc.ConnectivityState,io.grpc.LoadBalancer$SubchannelPicker) -> a
    void updateSubchannelAddresses(io.grpc.LoadBalancer$Subchannel,java.util.List) -> a
io.grpc.LoadBalancer$PickResult -> c.b.n0$d:
    io.grpc.LoadBalancer$PickResult NO_RESULT -> e
    io.grpc.Status status -> c
    io.grpc.LoadBalancer$Subchannel subchannel -> a
    io.grpc.ClientStreamTracer$Factory streamTracerFactory -> b
    boolean drop -> d
    io.grpc.Status getStatus() -> a
    io.grpc.LoadBalancer$PickResult withDrop(io.grpc.Status) -> a
    io.grpc.LoadBalancer$PickResult withSubchannel(io.grpc.LoadBalancer$Subchannel) -> a
    io.grpc.LoadBalancer$PickResult withSubchannel(io.grpc.LoadBalancer$Subchannel,io.grpc.ClientStreamTracer$Factory) -> a
    io.grpc.ClientStreamTracer$Factory getStreamTracerFactory() -> b
    io.grpc.LoadBalancer$PickResult withError(io.grpc.Status) -> b
    io.grpc.LoadBalancer$Subchannel getSubchannel() -> c
    boolean isDrop() -> d
    io.grpc.LoadBalancer$PickResult withNoResult() -> e
io.grpc.LoadBalancer$PickSubchannelArgs -> c.b.n0$e:
    io.grpc.CallOptions getCallOptions() -> a
    io.grpc.Metadata getHeaders() -> b
    io.grpc.MethodDescriptor getMethodDescriptor() -> c
io.grpc.LoadBalancer$ResolvedAddresses -> c.b.n0$f:
    java.util.List addresses -> a
    io.grpc.Attributes attributes -> b
    java.lang.Object loadBalancingPolicyConfig -> c
    java.util.List getAddresses() -> a
    io.grpc.Attributes getAttributes() -> b
    io.grpc.LoadBalancer$ResolvedAddresses$Builder newBuilder() -> c
io.grpc.LoadBalancer$ResolvedAddresses$Builder -> c.b.n0$f$a:
    java.util.List addresses -> a
    io.grpc.Attributes attributes -> b
    java.lang.Object loadBalancingPolicyConfig -> c
    io.grpc.LoadBalancer$ResolvedAddresses build() -> a
    io.grpc.LoadBalancer$ResolvedAddresses$Builder setAddresses(java.util.List) -> a
    io.grpc.LoadBalancer$ResolvedAddresses$Builder setAttributes(io.grpc.Attributes) -> a
io.grpc.LoadBalancer$Subchannel -> c.b.n0$g:
    io.grpc.EquivalentAddressGroup getAddresses() -> a
    java.util.List getAllAddresses() -> b
    io.grpc.Attributes getAttributes() -> c
    void requestConnection() -> d
    void shutdown() -> e
io.grpc.LoadBalancer$SubchannelPicker -> c.b.n0$h:
    io.grpc.LoadBalancer$PickResult pickSubchannel(io.grpc.LoadBalancer$PickSubchannelArgs) -> a
io.grpc.LoadBalancerProvider -> c.b.o0:
    java.lang.String getPolicyName() -> a
    int getPriority() -> b
    boolean isAvailable() -> c
io.grpc.LoadBalancerProvider$UnknownConfig -> c.b.o0$a:
io.grpc.LoadBalancerRegistry -> c.b.p0:
    io.grpc.LoadBalancerRegistry instance -> d
    java.util.LinkedHashMap effectiveProviders -> b
    java.lang.Iterable HARDCODED_CLASSES -> e
    java.util.logging.Logger logger -> c
    java.util.LinkedHashSet allProviders -> a
    void addProvider(io.grpc.LoadBalancerProvider) -> a
    io.grpc.LoadBalancerRegistry getDefaultRegistry() -> a
    io.grpc.LoadBalancerProvider getProvider(java.lang.String) -> a
    java.util.List getHardCodedClasses() -> b
    void refreshProviderMap() -> c
io.grpc.LoadBalancerRegistry$LoadBalancerPriorityAccessor -> c.b.p0$a:
    int getPriority(io.grpc.LoadBalancerProvider) -> a
    int getPriority(java.lang.Object) -> a
    boolean isAvailable(io.grpc.LoadBalancerProvider) -> b
    boolean isAvailable(java.lang.Object) -> b
io.grpc.ManagedChannel -> c.b.q0:
    void enterIdle() -> c
    void resetConnectBackoff() -> d