build/app/outputs/mapping/release/usage.txt
com.company_name.implulsnew.R$attr
com.company_name.implulsnew.BuildConfig
com.company_name.implulsnew.R$integer
com.company_name.implulsnew.R$color
com.company_name.implulsnew.R$id
com.company_name.implulsnew.R$dimen
com.company_name.implulsnew.R$string
com.company_name.implulsnew.R$mipmap
com.company_name.implulsnew.R$style
com.company_name.implulsnew.R$bool
com.company_name.implulsnew.R$styleable
com.company_name.implulsnew.R$anim
com.company_name.implulsnew.R$layout
com.company_name.implulsnew.R
com.company_name.implulsnew.R$drawable
...
io.grpc.internal.RetriableStream$1FullStreamDecompressionEntry:
    final synthetic io.grpc.internal.RetriableStream this$0
com.pauldemarco.flutter_blue.FlutterBluePlugin:
    private android.app.Application application
com.google.android.gms.internal.firebase_auth.zzj:
    private static com.google.android.gms.internal.firebase_auth.zzm zza
androidx.fragment.app.FragmentTransitionCompat21$4:
    final synthetic androidx.fragment.app.FragmentTransitionCompat21 this$0
com.google.android.gms.internal.auth-api.zzf
com.google.firebase.auth.UserProfileChangeRequest:
    private android.net.Uri zze
androidx.loader.app.LoaderManagerImpl$LoaderInfo:
    androidx.loader.content.Loader getLoader()
com.google.firestore.v1.StructuredQuery$UnaryFilter$Operator:
    private static final com.google.protobuf.Internal$EnumLiteMap internalValueMap
io.grpc.internal.ManagedChannelImpl$1ChannelCallTracerFactory:
    final synthetic io.grpc.internal.ManagedChannelImpl this$0
com.google.android.gms.common.api.PendingResult:
    public abstract void cancel()
    public abstract boolean isCanceled()
    public abstract java.lang.Integer zal()
io.grpc.okhttp.internal.Util:
    public static final byte[] EMPTY_BYTE_ARRAY
com.google.gson.internal.ConstructorConstructor$9:
    final synthetic com.google.gson.internal.ConstructorConstructor this$0
androidx.core.text.PrecomputedTextCompat:
    private static final java.lang.Object sLock
    private static java.util.concurrent.Executor sExecutor
com.google.android.gms.internal.base.zao:
    private static final enum int zasf
    private static final synthetic int[] zash
androidx.fragment.app.FragmentManagerImpl$5:
    final synthetic androidx.fragment.app.FragmentManagerImpl this$0
io.grpc.internal.CallCredentialsApplyingTransportFactory$CallCredentialsApplyingTransport:
    private final java.lang.String authority
com.google.android.gms.common.GoogleApiAvailability:
    public static final int GOOGLE_PLAY_SERVICES_VERSION_CODE
androidx.core.graphics.TypefaceCompatBaseImpl$2:
    final synthetic androidx.core.graphics.TypefaceCompatBaseImpl this$0
com.google.firebase.auth.FacebookAuthCredential:
    public java.lang.String getSignInMethod()
androidx.lifecycle.Lifecycle:
    java.util.concurrent.atomic.AtomicReference mInternalScopeRef
io.grpc.internal.DelayedStream:
    static final synthetic boolean $assertionsDisabled
io.grpc.LoadBalancerProvider:
    private static final io.grpc.NameResolver$ConfigOrError UNKNOWN_CONFIG
com.google.android.gms.internal.auth.zzc:
    private static final java.lang.ClassLoader zzd
androidx.core.view.accessibility.AccessibilityNodeInfoCompat$AccessibilityActionCompat:
    private final int mId
    private final java.lang.CharSequence mLabel
    public static final androidx.core.view.accessibility.AccessibilityNodeInfoCompat$AccessibilityActionCompat ACTION_FOCUS
    public static final androidx.core.view.accessibility.AccessibilityNodeInfoCompat$AccessibilityActionCompat ACTION_CLEAR_FOCUS
    public static final androidx.core.view.accessibility.AccessibilityNodeInfoCompat$AccessibilityActionCompat ACTION_SELECT
    public static final androidx.core.view.accessibility.AccessibilityNodeInfoCompat$AccessibilityActionCompat ACTION_CLEAR_SELECTION
    public static final androidx.core.view.accessibility.AccessibilityNodeInfoCompat$AccessibilityActionCompat ACTION_CLICK
    public static final androidx.core.view.accessibility.AccessibilityNodeInfoCompat$AccessibilityActionCompat ACTION_LONG_CLICK
    public static final androidx.core.view.accessibility.AccessibilityNodeInfoCompat$AccessibilityActionCompat ACTION_ACCESSIBILITY_FOCUS
    public static final androidx.core.view.accessibility.AccessibilityNodeInfoCompat$AccessibilityActionCompat ACTION_CLEAR_ACCESSIBILITY_FOCUS
    public static final androidx.core.view.accessibility.AccessibilityNodeInfoCompat$AccessibilityActionCompat ACTION_NEXT_AT_MOVEMENT_GRANULARITY